<?xml version="1.0" encoding="UTF-8"?>
<!-- Generated by org.testng.reporters.JUnitXMLReporter -->
<testsuite ignored="1" hostname="LAPTOP-Zico" failures="0" tests="3" name="Functional Testing" time="0.033" errors="0" timestamp="2022-09-29T01:21:47 CEST">
  <testcase classname="ui.demo2Test" name="example4" time="0.004"/>
  <testcase classname="ui.demo3" name="example5" time="0.002"/>
  <testcase classname="ui.demo3" name="example6" time="0.001"/>
  <testcase classname="ui.demo2Test" name="example3" time="0.0">
    <ignored/>
  </testcase> <!-- example3 -->
</testsuite> <!-- Functional Testing -->
