<?xml version="1.0" encoding="UTF-8"?>
<!-- Generated by org.testng.reporters.JUnitXMLReporter -->
<testsuite ignored="1" hostname="LAPTOP-Zico" failures="0" tests="3" name="Default test" time="0.04" errors="0" timestamp="2022-10-03T01:15:57 CEST">
  <testcase classname="ui.SalaryTest" name="showAll" time="0.007"/>
  <testcase classname="ui.SalaryTest" name="showAll" time="0.001"/>
  <testcase classname="ui.SalaryTest" name="showAll" time="0.0"/>
  <testcase classname="ui.SalaryTest" name="showSalary" time="0.0">
    <ignored/>
  </testcase> <!-- showSalary -->
</testsuite> <!-- Default test -->
