<?xml version="1.0" encoding="UTF-8"?>
<testng-results ignored="1" total="4" passed="3" failed="0" skipped="0">
  <reporter-output>
  </reporter-output>
  <suite started-at="2022-10-03T01:15:57 CEST" name="Default suite" finished-at="2022-10-03T01:15:57 CEST" duration-ms="40">
    <groups>
    </groups>
    <test started-at="2022-10-03T01:15:57 CEST" name="Default test" finished-at="2022-10-03T01:15:57 CEST" duration-ms="40">
      <class name="ui.SalaryTest">
        <test-method signature="showAll(java.lang.String,java.lang.String,int)[pri:0, instance:ui.SalaryTest@f5acb9d]" started-at="2022-10-03T01:15:57 CEST" name="showAll" data-provider="devEmployee" finished-at="2022-10-03T01:15:57 CEST" duration-ms="7" status="PASS">
          <params>
            <param index="0">
              <value>
                <![CDATA[rahim]]>
              </value>
            </param>
            <param index="1">
              <value>
                <![CDATA[dhaka]]>
              </value>
            </param>
            <param index="2">
              <value>
                <![CDATA[1000]]>
              </value>
            </param>
          </params>
          <reporter-output>
          </reporter-output>
        </test-method> <!-- showAll -->
        <test-method signature="showAll(java.lang.String,java.lang.String,int)[pri:0, instance:ui.SalaryTest@f5acb9d]" started-at="2022-10-03T01:15:57 CEST" name="showAll" data-provider="devEmployee" finished-at="2022-10-03T01:15:57 CEST" duration-ms="1" status="PASS">
          <params>
            <param index="0">
              <value>
                <![CDATA[karim]]>
              </value>
            </param>
            <param index="1">
              <value>
                <![CDATA[sylhet]]>
              </value>
            </param>
            <param index="2">
              <value>
                <![CDATA[2000]]>
              </value>
            </param>
          </params>
          <reporter-output>
          </reporter-output>
        </test-method> <!-- showAll -->
        <test-method signature="showAll(java.lang.String,java.lang.String,int)[pri:0, instance:ui.SalaryTest@f5acb9d]" started-at="2022-10-03T01:15:57 CEST" name="showAll" data-provider="devEmployee" finished-at="2022-10-03T01:15:57 CEST" duration-ms="0" status="PASS">
          <params>
            <param index="0">
              <value>
                <![CDATA[torim]]>
              </value>
            </param>
            <param index="1">
              <value>
                <![CDATA[barishal]]>
              </value>
            </param>
            <param index="2">
              <value>
                <![CDATA[3000]]>
              </value>
            </param>
          </params>
          <reporter-output>
          </reporter-output>
        </test-method> <!-- showAll -->
      </class> <!-- ui.SalaryTest -->
    </test> <!-- Default test -->
  </suite> <!-- Default suite -->
</testng-results>
