<?xml version="1.0" encoding="UTF-8"?>
<!-- Generated by org.testng.reporters.JUnitXMLReporter -->
<testsuite ignored="0" hostname="LAPTOP-Zico" failures="0" tests="4" name="Test" time="0.038" errors="0" timestamp="2022-10-02T23:58:08 CEST">
  <testcase classname="ui.groupDemoTest" name="aTest" time="0.005"/>
  <testcase classname="ui.groupDemoTest" name="bTest" time="0.001"/>
  <testcase classname="ui.groupDemoTest" name="cTest" time="0.0"/>
  <testcase classname="ui.groupDemoTest" name="dTest" time="0.001"/>
</testsuite> <!-- Test -->
