<?xml version="1.0" encoding="UTF-8"?>
<!-- Generated by org.testng.reporters.JUnitXMLReporter -->
<testsuite ignored="0" hostname="LAPTOP-Zico" failures="0" tests="3" name="Command line test" time="0.043" errors="0" timestamp="2022-10-02T21:39:17 CEST">
  <testcase classname="ui.LoginTest" name="loginTest" time="0.001"/>
  <testcase classname="ui.LoginTest" name="commentTest" time="0.0"/>
  <testcase classname="ui.LoginTest" name="logoutTest" time="0.0"/>
</testsuite> <!-- Command line test -->
