<?xml version="1.0" encoding="UTF-8"?>
<!-- Generated by org.testng.reporters.JUnitXMLReporter -->
<testsuite ignored="0" hostname="LAPTOP-Zico" failures="0" tests="6" name="Default test" time="0.049" errors="0" timestamp="2023-08-27T16:06:20 CEST">
  <testcase classname="ui.demo3" name="example5" time="0.007"/>
  <testcase classname="ui.demo3" name="example6" time="0.0"/>
  <testcase classname="ui.demo1Test" name="example1" time="0.0"/>
  <testcase classname="ui.demo1Test" name="example2" time="0.0"/>
  <testcase classname="ui.demo2Test" name="example3" time="0.001"/>
  <testcase classname="ui.demo2Test" name="example4" time="0.001"/>
</testsuite> <!-- Default test -->
