<?xml version="1.0" encoding="UTF-8"?>
<testsuite xmlns:xsi="http://www.w3.org/2001/XMLSchema-instance" xsi:noNamespaceSchemaLocation="https://maven.apache.org/surefire/maven-surefire-plugin/xsd/surefire-test-report-3.0.xsd" version="3.0" name="TestSuite" time="0.346" tests="3" errors="0" skipped="0" failures="0">
  <properties>
[...]
</properties>
  <testcase name="example4" classname="ui.demo2Test" time="0.002">
    <system-out><![CDATA[### Output4 ###
]]></system-out>
    <system-err><![CDATA[SLF4J: Failed to load class "org.slf4j.impl.StaticLoggerBinder".
SLF4J: Defaulting to no-operation (NOP) logger implementation
SLF4J: See http://www.slf4j.org/codes.html#StaticLoggerBinder for further details.
]]></system-err>
  </testcase>
  <testcase name="example5" classname="ui.demo3" time="0.001">
    <system-out><![CDATA[### Output5 ###
]]></system-out>
  </testcase>
  <testcase name="example6" classname="ui.demo3" time="0">
    <system-out><![CDATA[#### Output6 ####
]]></system-out>
  </testcase>
</testsuite>