<?xml version="1.0" encoding="UTF-8"?>
<testng-results ignored="1" total="4" passed="3" failed="0" skipped="0">
  <reporter-output>
  </reporter-output>
  <suite started-at="2022-09-29T01:21:47 CEST" name="Regression Suite" finished-at="2022-09-29T01:21:47 CEST" duration-ms="33">
    <groups>
      <group name="regression">
        <method signature="demo2Test.example4()[pri:0, instance:ui.demo2Test@fdefd3f]" name="example4" class="ui.demo2Test"/>
        <method signature="demo3.example5()[pri:0, instance:ui.demo3@7fc229ab]" name="example5" class="ui.demo3"/>
        <method signature="demo3.example6()[pri:0, instance:ui.demo3@7fc229ab]" name="example6" class="ui.demo3"/>
      </group> <!-- regression -->
    </groups>
    <test started-at="2022-09-29T01:21:47 CEST" name="Functional Testing" finished-at="2022-09-29T01:21:47 CEST" duration-ms="33">
      <class name="ui.demo3">
        <test-method signature="example5()[pri:0, instance:ui.demo3@7fc229ab]" started-at="2022-09-29T01:21:47 CEST" name="example5" finished-at="2022-09-29T01:21:47 CEST" duration-ms="2" status="PASS">
          <reporter-output>
          </reporter-output>
        </test-method> <!-- example5 -->
        <test-method signature="example6()[pri:0, instance:ui.demo3@7fc229ab]" started-at="2022-09-29T01:21:47 CEST" name="example6" finished-at="2022-09-29T01:21:47 CEST" duration-ms="1" status="PASS">
          <reporter-output>
          </reporter-output>
        </test-method> <!-- example6 -->
      </class> <!-- ui.demo3 -->
      <class name="ui.demo2Test">
        <test-method signature="example4()[pri:0, instance:ui.demo2Test@fdefd3f]" started-at="2022-09-29T01:21:47 CEST" name="example4" finished-at="2022-09-29T01:21:47 CEST" duration-ms="4" status="PASS">
          <reporter-output>
          </reporter-output>
        </test-method> <!-- example4 -->
      </class> <!-- ui.demo2Test -->
    </test> <!-- Functional Testing -->
  </suite> <!-- Regression Suite -->
</testng-results>
