<?xml version="1.0" encoding="UTF-8"?>
<testng-results ignored="0" total="6" passed="6" failed="0" skipped="0">
  <reporter-output>
  </reporter-output>
  <suite started-at="2023-08-27T16:06:20 CEST" name="Default suite" finished-at="2023-08-27T16:06:20 CEST" duration-ms="49">
    <groups>
      <group name="regression">
        <method signature="demo2Test.example4()[pri:0, instance:ui.demo2Test@6631f5ca]" name="example4" class="ui.demo2Test"/>
        <method signature="demo3.example5()[pri:0, instance:ui.demo3@72cde7cc]" name="example5" class="ui.demo3"/>
        <method signature="demo3.example6()[pri:0, instance:ui.demo3@72cde7cc]" name="example6" class="ui.demo3"/>
      </group> <!-- regression -->
    </groups>
    <test started-at="2023-08-27T16:06:20 CEST" name="Default test" finished-at="2023-08-27T16:06:20 CEST" duration-ms="49">
      <class name="ui.demo3">
        <test-method signature="example5()[pri:0, instance:ui.demo3@72cde7cc]" started-at="2023-08-27T16:06:20 CEST" name="example5" finished-at="2023-08-27T16:06:20 CEST" duration-ms="7" status="PASS">
          <reporter-output>
          </reporter-output>
        </test-method> <!-- example5 -->
        <test-method signature="example6()[pri:0, instance:ui.demo3@72cde7cc]" started-at="2023-08-27T16:06:20 CEST" name="example6" finished-at="2023-08-27T16:06:20 CEST" duration-ms="0" status="PASS">
          <reporter-output>
          </reporter-output>
        </test-method> <!-- example6 -->
      </class> <!-- ui.demo3 -->
      <class name="ui.demo1Test">
        <test-method signature="example1()[pri:0, instance:ui.demo1Test@b62d79]" started-at="2023-08-27T16:06:20 CEST" name="example1" finished-at="2023-08-27T16:06:20 CEST" duration-ms="0" status="PASS">
          <reporter-output>
          </reporter-output>
        </test-method> <!-- example1 -->
        <test-method signature="example2()[pri:0, instance:ui.demo1Test@b62d79]" started-at="2023-08-27T16:06:20 CEST" name="example2" finished-at="2023-08-27T16:06:20 CEST" duration-ms="0" status="PASS">
          <reporter-output>
          </reporter-output>
        </test-method> <!-- example2 -->
      </class> <!-- ui.demo1Test -->
      <class name="ui.demo2Test">
        <test-method signature="example3()[pri:0, instance:ui.demo2Test@6631f5ca]" started-at="2023-08-27T16:06:20 CEST" name="example3" finished-at="2023-08-27T16:06:20 CEST" duration-ms="1" status="PASS">
          <reporter-output>
          </reporter-output>
        </test-method> <!-- example3 -->
        <test-method signature="example4()[pri:0, instance:ui.demo2Test@6631f5ca]" started-at="2023-08-27T16:06:20 CEST" name="example4" finished-at="2023-08-27T16:06:20 CEST" duration-ms="1" status="PASS">
          <reporter-output>
          </reporter-output>
        </test-method> <!-- example4 -->
      </class> <!-- ui.demo2Test -->
    </test> <!-- Default test -->
  </suite> <!-- Default suite -->
</testng-results>
