<?xml version="1.0" encoding="UTF-8"?>
<!-- Generated by org.testng.reporters.JUnitXMLReporter -->
<testsuite ignored="0" hostname="LAPTOP-Zico" failures="1" tests="3" name="Regression" time="1.072" errors="0" timestamp="2022-10-03T01:48:00 CEST">
  <testcase classname="utility.LoginTest" name="checkTitle" time="0.337"/>
  <testcase classname="utility.LoginTest" name="checkLogin" time="0.288">
    <failure type="java.lang.AssertionError" message="expected [true] but found [false]">
      <![CDATA[java.lang.AssertionError: expected [true] but found [false]
at utility.LoginTest.checkLogin(LoginTest.java:29)
at java.base/java.util.ArrayList.forEach(ArrayList.java:1511)
... Removed 31 stack frames]]>
    </failure>
  </testcase> <!-- checkLogin -->
  <testcase classname="utility.LoginTest" name="checkLogout" time="0.0">
    <skipped/>
  </testcase> <!-- checkLogout -->
</testsuite> <!-- Regression -->
