<?xml version="1.0" encoding="UTF-8"?>
<testng-results ignored="0" total="3" passed="3" failed="0" skipped="0">
  <reporter-output>
  </reporter-output>
  <suite started-at="2022-10-02T21:39:41 CEST" name="Default suite" finished-at="2022-10-02T21:39:41 CEST" duration-ms="58">
    <groups>
    </groups>
    <test started-at="2022-10-02T21:39:41 CEST" name="Default test" finished-at="2022-10-02T21:39:41 CEST" duration-ms="58">
      <class name="ui.LoginTest">
        <test-method is-config="true" signature="startTest()[pri:0, instance:ui.LoginTest@4d0f2471]" started-at="2022-10-02T21:39:41 CEST" name="startTest" finished-at="2022-10-02T21:39:41 CEST" duration-ms="9" status="PASS">
          <reporter-output>
          </reporter-output>
        </test-method> <!-- startTest -->
        <test-method is-config="true" signature="dbOnTest()[pri:0, instance:ui.LoginTest@4d0f2471]" started-at="2022-10-02T21:39:41 CEST" name="dbOnTest" finished-at="2022-10-02T21:39:41 CEST" duration-ms="0" status="PASS">
          <reporter-output>
          </reporter-output>
        </test-method> <!-- dbOnTest -->
        <test-method signature="loginTest()[pri:1, instance:ui.LoginTest@4d0f2471]" started-at="2022-10-02T21:39:41 CEST" name="loginTest" finished-at="2022-10-02T21:39:41 CEST" duration-ms="4" status="PASS">
          <reporter-output>
          </reporter-output>
        </test-method> <!-- loginTest -->
        <test-method is-config="true" signature="dbOffTest()[pri:0, instance:ui.LoginTest@4d0f2471]" started-at="2022-10-02T21:39:41 CEST" name="dbOffTest" finished-at="2022-10-02T21:39:41 CEST" duration-ms="0" status="PASS">
          <reporter-output>
          </reporter-output>
        </test-method> <!-- dbOffTest -->
        <test-method is-config="true" signature="dbOnTest()[pri:0, instance:ui.LoginTest@4d0f2471]" started-at="2022-10-02T21:39:41 CEST" name="dbOnTest" finished-at="2022-10-02T21:39:41 CEST" duration-ms="0" status="PASS">
          <reporter-output>
          </reporter-output>
        </test-method> <!-- dbOnTest -->
        <test-method signature="commentTest()[pri:2, instance:ui.LoginTest@4d0f2471]" started-at="2022-10-02T21:39:41 CEST" name="commentTest" description="To add a comment" finished-at="2022-10-02T21:39:41 CEST" duration-ms="0" status="PASS">
          <reporter-output>
          </reporter-output>
        </test-method> <!-- commentTest -->
        <test-method is-config="true" signature="dbOffTest()[pri:0, instance:ui.LoginTest@4d0f2471]" started-at="2022-10-02T21:39:41 CEST" name="dbOffTest" finished-at="2022-10-02T21:39:41 CEST" duration-ms="1" status="PASS">
          <reporter-output>
          </reporter-output>
        </test-method> <!-- dbOffTest -->
        <test-method is-config="true" signature="dbOnTest()[pri:0, instance:ui.LoginTest@4d0f2471]" started-at="2022-10-02T21:39:41 CEST" name="dbOnTest" finished-at="2022-10-02T21:39:41 CEST" duration-ms="1" status="PASS">
          <reporter-output>
          </reporter-output>
        </test-method> <!-- dbOnTest -->
        <test-method signature="logoutTest()[pri:3, instance:ui.LoginTest@4d0f2471]" started-at="2022-10-02T21:39:41 CEST" name="logoutTest" finished-at="2022-10-02T21:39:41 CEST" duration-ms="1" status="PASS">
          <reporter-output>
          </reporter-output>
        </test-method> <!-- logoutTest -->
        <test-method is-config="true" signature="dbOffTest()[pri:0, instance:ui.LoginTest@4d0f2471]" started-at="2022-10-02T21:39:41 CEST" name="dbOffTest" finished-at="2022-10-02T21:39:41 CEST" duration-ms="0" status="PASS">
          <reporter-output>
          </reporter-output>
        </test-method> <!-- dbOffTest -->
        <test-method is-config="true" signature="endTest()[pri:0, instance:ui.LoginTest@4d0f2471]" started-at="2022-10-02T21:39:41 CEST" name="endTest" finished-at="2022-10-02T21:39:41 CEST" duration-ms="0" status="PASS">
          <reporter-output>
          </reporter-output>
        </test-method> <!-- endTest -->
      </class> <!-- ui.LoginTest -->
    </test> <!-- Default test -->
  </suite> <!-- Default suite -->
</testng-results>
