<?xml version="1.0" encoding="UTF-8"?>
<!-- Generated by org.testng.reporters.JUnitXMLReporter -->
<testsuite ignored="0" hostname="LAPTOP-Zico" failures="0" tests="4" name="Smoke Test" time="0.033" errors="0" timestamp="2022-09-29T01:21:34 CEST">
  <testcase classname="ui.demo1Test" name="example1" time="0.005"/>
  <testcase classname="ui.demo1Test" name="example2" time="0.0"/>
  <testcase classname="ui.demo2Test" name="example3" time="0.001"/>
  <testcase classname="ui.demo2Test" name="example4" time="0.0"/>
</testsuite> <!-- Smoke Test -->
