<?xml version="1.0" encoding="UTF-8"?>
<!-- Generated by org.testng.reporters.JUnitXMLReporter -->
<testsuite ignored="0" hostname="LAPTOP-Zico" failures="0" tests="4" name="Smoke Test" time="0.037" errors="0" timestamp="2022-03-12T23:01:18 CET">
  <testcase classname="ui.demo1Test" name="example1" time="0.006"/>
  <testcase classname="ui.demo1Test" name="example2" time="0.001"/>
  <testcase classname="ui.demo2Test" name="example3" time="0.0"/>
  <testcase classname="ui.demo2Test" name="example4" time="0.0"/>
</testsuite> <!-- Smoke Test -->
