<?xml version="1.0" encoding="UTF-8"?>
<!-- Generated by org.testng.reporters.JUnitXMLReporter -->
<testsuite ignored="3" hostname="LAPTOP-Zico" failures="0" tests="3" name="Functional Testing" time="0.009" errors="0" timestamp="2022-10-02T23:58:56 CEST">
  <testcase classname="ui.groupDemoTest" name="aTest" time="0.001"/>
  <testcase classname="ui.groupDemoTest" name="cTest" time="0.001"/>
  <testcase classname="ui.webTestSoftAssert" name="sampleTest" time="0.001"/>
  <testcase classname="ui.webTestSoftAssert" name="homePageTest2" time="0.0">
    <ignored/>
  </testcase> <!-- homePageTest2 -->
  <testcase classname="ui.groupDemoTest" name="bTest" time="0.0">
    <ignored/>
  </testcase> <!-- bTest -->
  <testcase classname="ui.groupDemoTest" name="dTest" time="0.0">
    <ignored/>
  </testcase> <!-- dTest -->
</testsuite> <!-- Functional Testing -->
