<?xml version="1.0" encoding="UTF-8"?>
<!-- Generated by org.testng.reporters.JUnitXMLReporter -->
<testsuite ignored="3" hostname="LAPTOP-Zico" failures="0" tests="1" name="GRP-progression" time="0.035" errors="0" timestamp="2022-02-18T09:34:35 CET">
  <testcase classname="ui.groupDemoTest" name="dTest" time="0.006"/>
  <testcase classname="ui.groupDemoTest" name="bTest" time="0.0">
    <ignored/>
  </testcase> <!-- bTest -->
  <testcase classname="ui.groupDemoTest" name="cTest" time="0.0">
    <ignored/>
  </testcase> <!-- cTest -->
  <testcase classname="ui.groupDemoTest" name="aTest" time="0.0">
    <ignored/>
  </testcase> <!-- aTest -->
</testsuite> <!-- GRP-progression -->
