<?xml version="1.0" encoding="UTF-8"?>
<!-- Generated by org.testng.reporters.JUnitXMLReporter -->
<testsuite ignored="2" hostname="LAPTOP-Zico" failures="0" tests="2" name="GRP-regression" time="0.036" errors="0" timestamp="2022-02-18T09:28:10 CET">
  <testcase classname="ui.groupDemoTest" name="aTest" time="0.006"/>
  <testcase classname="ui.groupDemoTest" name="cTest" time="0.001"/>
  <testcase classname="ui.groupDemoTest" name="dTest" time="0.0">
    <ignored/>
  </testcase> <!-- dTest -->
  <testcase classname="ui.groupDemoTest" name="bTest" time="0.0">
    <ignored/>
  </testcase> <!-- bTest -->
</testsuite> <!-- GRP-regression -->
