<?xml version="1.0" encoding="UTF-8"?>
<!-- Generated by org.testng.reporters.JUnitXMLReporter -->
<testsuite ignored="0" hostname="LAPTOP-Zico" failures="0" tests="4" name="GRP-user-registration" time="0.046" errors="0" timestamp="2022-02-18T09:42:55 CET">
  <testcase classname="ui.groupDemoTest" name="aTest" time="0.007"/>
  <testcase classname="ui.groupDemoTest" name="bTest" time="0.0"/>
  <testcase classname="ui.groupDemoTest" name="cTest" time="0.002"/>
  <testcase classname="ui.groupDemoTest" name="dTest" time="0.001"/>
</testsuite> <!-- GRP-user-registration -->
